[0723/193438.271:ERROR:file_io.cc(89)] ReadExactly: expected 36, observed 0
[0831/112434.520:ERROR:process_reader_win.cc(151)] SuspendThread: Access is denied. (0x5)
[0831/112434.520:ERROR:process_reader_win.cc(151)] SuspendThread: Access is denied. (0x5)
[0831/112434.520:ERROR:process_reader_win.cc(151)] SuspendThread: Access is denied. (0x5)
[0831/112434.520:ERROR:process_reader_win.cc(151)] SuspendThread: Access is denied. (0x5)
[0831/112434.520:ERROR:process_reader_win.cc(151)] SuspendThread: Access is denied. (0x5)
[0831/112434.520:ERROR:process_reader_win.cc(151)] SuspendThread: Access is denied. (0x5)
[0831/112434.520:ERROR:process_reader_win.cc(151)] SuspendThread: Access is denied. (0x5)
[0831/112434.520:ERROR:process_reader_win.cc(151)] SuspendThread: Access is denied. (0x5)
[0831/112434.520:ERROR:process_reader_win.cc(151)] SuspendThread: Access is denied. (0x5)
[0831/112434.520:ERROR:process_reader_win.cc(151)] SuspendThread: Access is denied. (0x5)
[0831/112434.520:ERROR:process_reader_win.cc(151)] SuspendThread: Access is denied. (0x5)
[0831/112434.520:ERROR:process_reader_win.cc(151)] SuspendThread: Access is denied. (0x5)
[0831/112434.520:ERROR:process_reader_win.cc(123)] NtOpenThread: {Access Denied} A process has requested access to an object, but has not been granted those access rights. (0xc0000022)
[0831/112434.520:ERROR:process_reader_win.cc(123)] NtOpenThread: {Access Denied} A process has requested access to an object, but has not been granted those access rights. (0xc0000022)
[0831/112434.536:ERROR:exception_snapshot_win.cc(98)] thread ID 69780 not found in process
[0831/112434.536:ERROR:exception_snapshot_win.cc(98)] thread ID 73372 not found in process
[0831/112434.536:ERROR:process_reader_win.cc(151)] SuspendThread: Access is denied. (0x5)
[0831/112434.536:ERROR:process_reader_win.cc(151)] SuspendThread: Access is denied. (0x5)
[0831/112434.536:ERROR:process_reader_win.cc(123)] NtOpenThread: {Access Denied} A process has requested access to an object, but has not been granted those access rights. (0xc0000022)
[0831/112434.536:ERROR:exception_snapshot_win.cc(98)] thread ID 31468 not found in process
[0831/112434.552:ERROR:process_reader_win.cc(151)] SuspendThread: Access is denied. (0x5)
[0831/112434.552:ERROR:process_reader_win.cc(151)] SuspendThread: Access is denied. (0x5)
[0831/112434.552:ERROR:process_reader_win.cc(151)] SuspendThread: Access is denied. (0x5)
[0831/112434.552:ERROR:process_reader_win.cc(151)] SuspendThread: Access is denied. (0x5)
[0831/112434.552:ERROR:process_reader_win.cc(151)] SuspendThread: Access is denied. (0x5)
[0831/112434.552:ERROR:process_reader_win.cc(151)] SuspendThread: Access is denied. (0x5)
[0831/112434.552:ERROR:process_reader_win.cc(151)] SuspendThread: Access is denied. (0x5)
[0831/112434.552:ERROR:process_reader_win.cc(151)] SuspendThread: Access is denied. (0x5)
[0831/112434.552:ERROR:process_reader_win.cc(151)] SuspendThread: Access is denied. (0x5)
[0831/112434.552:ERROR:process_reader_win.cc(151)] SuspendThread: Access is denied. (0x5)
[0831/112434.552:ERROR:process_reader_win.cc(151)] SuspendThread: Access is denied. (0x5)
[0831/112434.552:ERROR:process_reader_win.cc(151)] SuspendThread: Access is denied. (0x5)
[0831/112434.552:ERROR:process_reader_win.cc(151)] SuspendThread: Access is denied. (0x5)
[0831/112434.552:ERROR:process_reader_win.cc(151)] SuspendThread: Access is denied. (0x5)
[0831/112434.552:ERROR:process_reader_win.cc(151)] SuspendThread: Access is denied. (0x5)
[0831/112434.552:ERROR:process_reader_win.cc(151)] SuspendThread: Access is denied. (0x5)
[0831/112434.552:ERROR:process_reader_win.cc(151)] SuspendThread: Access is denied. (0x5)
[0831/112434.552:ERROR:process_reader_win.cc(123)] NtOpenThread: {Access Denied} A process has requested access to an object, but has not been granted those access rights. (0xc0000022)
[0831/112434.552:ERROR:exception_snapshot_win.cc(98)] thread ID 73608 not found in process
[0921/160331.654:ERROR:file_io.cc(90)] ReadExactly: expected 36, observed 0
[1016/120134.240:ERROR:directory_reader_win.cc(43)] FindFirstFile: The system cannot find the path specified. (0x3)
[1023/162138.219:ERROR:directory_reader_win.cc(43)] FindFirstFile: The system cannot find the path specified. (0x3)
[1109/103957.224:ERROR:directory_reader_win.cc(43)] FindFirstFile: The system cannot find the path specified. (0x3)
[1119/111754.263:ERROR:directory_reader_win.cc(43)] FindFirstFile: The system cannot find the path specified. (0x3)
[1204/102841.130:ERROR:directory_reader_win.cc(43)] FindFirstFile: The system cannot find the path specified. (0x3)
[0129/114247.237:ERROR:directory_reader_win.cc(43)] FindFirstFile: The system cannot find the path specified. (0x3)
